mode: set
github.com/NhyiraAmofaSekyi/go-webserver/main.go:22.13,61.12 16 0
github.com/NhyiraAmofaSekyi/go-webserver/main.go:61.12,63.80 2 0
github.com/NhyiraAmofaSekyi/go-webserver/main.go:63.80,65.4 1 0
github.com/NhyiraAmofaSekyi/go-webserver/main.go:67.2,71.12 3 0
github.com/NhyiraAmofaSekyi/go-webserver/main.go:71.12,72.7 1 0
github.com/NhyiraAmofaSekyi/go-webserver/main.go:72.7,75.54 2 0
github.com/NhyiraAmofaSekyi/go-webserver/main.go:75.54,79.10 4 0
github.com/NhyiraAmofaSekyi/go-webserver/main.go:81.4,81.19 1 0
github.com/NhyiraAmofaSekyi/go-webserver/main.go:81.19,83.5 1 0
github.com/NhyiraAmofaSekyi/go-webserver/main.go:84.4,84.38 1 0
github.com/NhyiraAmofaSekyi/go-webserver/main.go:89.2,97.45 5 0
github.com/NhyiraAmofaSekyi/go-webserver/main.go:97.45,99.3 1 0
github.com/NhyiraAmofaSekyi/go-webserver/main.go:101.2,101.42 1 0
github.com/NhyiraAmofaSekyi/go-webserver/internal/auth/auth.go:13.47,15.16 1 1
github.com/NhyiraAmofaSekyi/go-webserver/internal/auth/auth.go:15.16,17.3 1 1
github.com/NhyiraAmofaSekyi/go-webserver/internal/auth/auth.go:18.2,28.16 4 1
github.com/NhyiraAmofaSekyi/go-webserver/internal/auth/auth.go:28.16,30.3 1 0
github.com/NhyiraAmofaSekyi/go-webserver/internal/auth/auth.go:32.2,32.25 1 1
github.com/NhyiraAmofaSekyi/go-webserver/internal/auth/auth.go:35.58,37.83 1 1
github.com/NhyiraAmofaSekyi/go-webserver/internal/auth/auth.go:37.83,39.58 1 1
github.com/NhyiraAmofaSekyi/go-webserver/internal/auth/auth.go:39.58,41.4 1 0
github.com/NhyiraAmofaSekyi/go-webserver/internal/auth/auth.go:44.3,44.31 1 1
github.com/NhyiraAmofaSekyi/go-webserver/internal/auth/auth.go:47.2,47.16 1 1
github.com/NhyiraAmofaSekyi/go-webserver/internal/auth/auth.go:47.16,50.3 1 1
github.com/NhyiraAmofaSekyi/go-webserver/internal/auth/auth.go:53.2,53.67 1 1
github.com/NhyiraAmofaSekyi/go-webserver/internal/auth/auth.go:53.67,55.3 1 1
github.com/NhyiraAmofaSekyi/go-webserver/internal/auth/auth.go:55.8,58.3 2 0
github.com/NhyiraAmofaSekyi/go-webserver/internal/db/dbCfg.go:16.51,18.17 1 0
github.com/NhyiraAmofaSekyi/go-webserver/internal/db/dbCfg.go:18.17,20.3 1 0
github.com/NhyiraAmofaSekyi/go-webserver/internal/db/dbCfg.go:22.2,23.16 2 0
github.com/NhyiraAmofaSekyi/go-webserver/internal/db/dbCfg.go:23.16,25.3 1 0
github.com/NhyiraAmofaSekyi/go-webserver/internal/db/dbCfg.go:27.2,28.16 2 0
github.com/NhyiraAmofaSekyi/go-webserver/internal/db/dbCfg.go:28.16,30.3 1 0
github.com/NhyiraAmofaSekyi/go-webserver/internal/db/dbCfg.go:32.2,39.22 3 0
github.com/NhyiraAmofaSekyi/go-webserver/internal/db/database/db.go:19.28,21.2 1 0
github.com/NhyiraAmofaSekyi/go-webserver/internal/db/database/db.go:27.47,31.2 1 0
github.com/NhyiraAmofaSekyi/go-webserver/internal/db/database/users.sql.go:18.78,28.2 4 0
github.com/NhyiraAmofaSekyi/go-webserver/internal/db/database/users.sql.go:34.65,36.16 2 0
github.com/NhyiraAmofaSekyi/go-webserver/internal/db/database/users.sql.go:36.16,38.3 1 0
github.com/NhyiraAmofaSekyi/go-webserver/internal/db/database/users.sql.go:39.2,41.18 3 0
github.com/NhyiraAmofaSekyi/go-webserver/internal/db/database/users.sql.go:41.18,48.17 2 0
github.com/NhyiraAmofaSekyi/go-webserver/internal/db/database/users.sql.go:48.17,50.4 1 0
github.com/NhyiraAmofaSekyi/go-webserver/internal/db/database/users.sql.go:51.3,51.27 1 0
github.com/NhyiraAmofaSekyi/go-webserver/internal/db/database/users.sql.go:53.2,53.37 1 0
github.com/NhyiraAmofaSekyi/go-webserver/internal/db/database/users.sql.go:53.37,55.3 1 0
github.com/NhyiraAmofaSekyi/go-webserver/internal/db/database/users.sql.go:56.2,56.35 1 0
github.com/NhyiraAmofaSekyi/go-webserver/internal/db/database/users.sql.go:56.35,58.3 1 0
github.com/NhyiraAmofaSekyi/go-webserver/internal/db/database/users.sql.go:59.2,59.19 1 0
github.com/NhyiraAmofaSekyi/go-webserver/internal/config/config.go:49.19,50.17 1 0
github.com/NhyiraAmofaSekyi/go-webserver/internal/config/config.go:50.17,56.17 5 0
github.com/NhyiraAmofaSekyi/go-webserver/internal/config/config.go:56.17,58.4 1 0
github.com/NhyiraAmofaSekyi/go-webserver/internal/config/config.go:59.3,60.48 2 0
github.com/NhyiraAmofaSekyi/go-webserver/internal/config/config.go:60.48,63.4 2 0
github.com/NhyiraAmofaSekyi/go-webserver/internal/config/config.go:65.3,66.59 2 0
github.com/NhyiraAmofaSekyi/go-webserver/internal/config/config.go:66.59,68.4 1 0
github.com/NhyiraAmofaSekyi/go-webserver/internal/config/config.go:69.3,70.26 2 0
github.com/NhyiraAmofaSekyi/go-webserver/internal/config/config.go:70.26,72.4 1 0
github.com/NhyiraAmofaSekyi/go-webserver/internal/config/config.go:72.9,74.4 1 0
github.com/NhyiraAmofaSekyi/go-webserver/internal/config/config.go:77.3,81.18 4 0
github.com/NhyiraAmofaSekyi/go-webserver/internal/config/config.go:81.18,83.4 1 0
github.com/NhyiraAmofaSekyi/go-webserver/internal/config/config.go:84.3,87.17 3 0
github.com/NhyiraAmofaSekyi/go-webserver/internal/config/config.go:87.17,89.4 1 0
github.com/NhyiraAmofaSekyi/go-webserver/internal/config/config.go:90.3,90.22 1 0
github.com/NhyiraAmofaSekyi/go-webserver/internal/config/config.go:90.22,92.4 1 0
github.com/NhyiraAmofaSekyi/go-webserver/internal/config/config.go:93.3,104.48 4 0
github.com/NhyiraAmofaSekyi/go-webserver/internal/config/config.go:104.48,107.4 2 0
github.com/NhyiraAmofaSekyi/go-webserver/internal/config/config.go:108.3,108.48 1 0
github.com/NhyiraAmofaSekyi/go-webserver/internal/config/config.go:108.48,111.4 2 0
github.com/NhyiraAmofaSekyi/go-webserver/internal/logger/logger.go:27.27,29.16 2 1
github.com/NhyiraAmofaSekyi/go-webserver/internal/logger/logger.go:29.16,31.3 1 0
github.com/NhyiraAmofaSekyi/go-webserver/internal/logger/logger.go:33.2,38.16 2 1
github.com/NhyiraAmofaSekyi/go-webserver/internal/logger/logger.go:38.16,40.3 1 0
github.com/NhyiraAmofaSekyi/go-webserver/internal/logger/logger.go:43.2,53.3 3 1
github.com/NhyiraAmofaSekyi/go-webserver/internal/logger/logger.go:56.45,57.17 1 1
github.com/NhyiraAmofaSekyi/go-webserver/internal/logger/logger.go:57.17,59.3 1 1
github.com/NhyiraAmofaSekyi/go-webserver/internal/logger/logger.go:62.44,64.2 1 1
github.com/NhyiraAmofaSekyi/go-webserver/internal/logger/logger.go:66.45,68.2 1 1
github.com/NhyiraAmofaSekyi/go-webserver/internal/logger/logger.go:70.45,73.2 2 0
github.com/NhyiraAmofaSekyi/go-webserver/internal/v1/auth/handlers.go:16.47,27.16 4 1
github.com/NhyiraAmofaSekyi/go-webserver/internal/v1/auth/handlers.go:27.16,29.3 1 0
github.com/NhyiraAmofaSekyi/go-webserver/internal/v1/auth/handlers.go:31.2,31.25 1 1
github.com/NhyiraAmofaSekyi/go-webserver/internal/v1/auth/handlers.go:34.56,36.11 2 0
github.com/NhyiraAmofaSekyi/go-webserver/internal/v1/auth/handlers.go:36.11,38.3 1 0
github.com/NhyiraAmofaSekyi/go-webserver/internal/v1/auth/handlers.go:38.8,40.3 1 0
github.com/NhyiraAmofaSekyi/go-webserver/internal/v1/auth/handlers.go:42.2,48.20 3 0
github.com/NhyiraAmofaSekyi/go-webserver/internal/v1/auth/handlers.go:51.53,62.16 5 1
github.com/NhyiraAmofaSekyi/go-webserver/internal/v1/auth/handlers.go:62.16,65.3 2 1
github.com/NhyiraAmofaSekyi/go-webserver/internal/v1/auth/handlers.go:67.2,68.16 2 1
github.com/NhyiraAmofaSekyi/go-webserver/internal/v1/auth/handlers.go:68.16,71.3 2 0
github.com/NhyiraAmofaSekyi/go-webserver/internal/v1/auth/handlers.go:73.2,73.120 1 1
github.com/NhyiraAmofaSekyi/go-webserver/internal/v1/auth/handlers.go:76.54,79.2 1 0
github.com/NhyiraAmofaSekyi/go-webserver/internal/v1/auth/routes.go:8.33,15.2 4 0
github.com/NhyiraAmofaSekyi/go-webserver/internal/v1/handlers.go:12.61,15.2 1 0
github.com/NhyiraAmofaSekyi/go-webserver/internal/v1/handlers.go:17.60,21.2 3 0
github.com/NhyiraAmofaSekyi/go-webserver/internal/v1/routes.go:12.33,23.2 8 0
github.com/NhyiraAmofaSekyi/go-webserver/internal/monitoring/metrics.go:32.13,40.2 1 0
github.com/NhyiraAmofaSekyi/go-webserver/internal/middleware/auth.go:20.61,21.54 1 0
github.com/NhyiraAmofaSekyi/go-webserver/internal/middleware/auth.go:21.54,26.46 3 0
github.com/NhyiraAmofaSekyi/go-webserver/internal/middleware/auth.go:26.46,29.4 2 0
github.com/NhyiraAmofaSekyi/go-webserver/internal/middleware/auth.go:32.3,36.17 3 0
github.com/NhyiraAmofaSekyi/go-webserver/internal/middleware/auth.go:36.17,39.4 2 0
github.com/NhyiraAmofaSekyi/go-webserver/internal/middleware/auth.go:41.3,42.10 2 0
github.com/NhyiraAmofaSekyi/go-webserver/internal/middleware/auth.go:42.10,45.4 2 0
github.com/NhyiraAmofaSekyi/go-webserver/internal/middleware/auth.go:48.3,48.45 1 0
github.com/NhyiraAmofaSekyi/go-webserver/internal/middleware/auth.go:48.45,50.32 2 0
github.com/NhyiraAmofaSekyi/go-webserver/internal/middleware/auth.go:50.32,53.5 2 0
github.com/NhyiraAmofaSekyi/go-webserver/internal/middleware/auth.go:57.3,61.25 3 0
github.com/NhyiraAmofaSekyi/go-webserver/internal/middleware/auth.go:65.61,74.2 1 0
github.com/NhyiraAmofaSekyi/go-webserver/internal/middleware/cors.go:29.61,37.37 2 1
github.com/NhyiraAmofaSekyi/go-webserver/internal/middleware/cors.go:37.37,39.3 1 1
github.com/NhyiraAmofaSekyi/go-webserver/internal/middleware/cors.go:39.8,41.3 1 1
github.com/NhyiraAmofaSekyi/go-webserver/internal/middleware/cors.go:44.2,44.37 1 1
github.com/NhyiraAmofaSekyi/go-webserver/internal/middleware/cors.go:44.37,46.3 1 1
github.com/NhyiraAmofaSekyi/go-webserver/internal/middleware/cors.go:46.8,49.48 2 1
github.com/NhyiraAmofaSekyi/go-webserver/internal/middleware/cors.go:49.48,50.27 1 1
github.com/NhyiraAmofaSekyi/go-webserver/internal/middleware/cors.go:50.27,52.10 2 1
github.com/NhyiraAmofaSekyi/go-webserver/internal/middleware/cors.go:55.3,55.18 1 1
github.com/NhyiraAmofaSekyi/go-webserver/internal/middleware/cors.go:55.18,57.4 1 1
github.com/NhyiraAmofaSekyi/go-webserver/internal/middleware/cors.go:57.9,59.4 1 1
github.com/NhyiraAmofaSekyi/go-webserver/internal/middleware/cors.go:63.2,63.37 1 1
github.com/NhyiraAmofaSekyi/go-webserver/internal/middleware/cors.go:63.37,65.3 1 1
github.com/NhyiraAmofaSekyi/go-webserver/internal/middleware/cors.go:65.8,67.3 1 1
github.com/NhyiraAmofaSekyi/go-webserver/internal/middleware/cors.go:69.2,69.20 1 1
github.com/NhyiraAmofaSekyi/go-webserver/internal/middleware/cors.go:73.46,74.19 1 1
github.com/NhyiraAmofaSekyi/go-webserver/internal/middleware/cors.go:74.19,77.3 2 0
github.com/NhyiraAmofaSekyi/go-webserver/internal/middleware/cors.go:79.2,79.21 1 1
github.com/NhyiraAmofaSekyi/go-webserver/internal/middleware/cors.go:79.21,81.3 1 1
github.com/NhyiraAmofaSekyi/go-webserver/internal/middleware/cors.go:82.2,82.12 1 1
github.com/NhyiraAmofaSekyi/go-webserver/internal/middleware/cors.go:86.34,87.23 1 1
github.com/NhyiraAmofaSekyi/go-webserver/internal/middleware/cors.go:87.23,89.3 1 1
github.com/NhyiraAmofaSekyi/go-webserver/internal/middleware/cors.go:90.2,90.19 1 1
github.com/NhyiraAmofaSekyi/go-webserver/internal/middleware/cors.go:94.47,95.71 1 1
github.com/NhyiraAmofaSekyi/go-webserver/internal/middleware/cors.go:95.71,99.73 3 1
github.com/NhyiraAmofaSekyi/go-webserver/internal/middleware/cors.go:99.73,101.4 1 1
github.com/NhyiraAmofaSekyi/go-webserver/internal/middleware/cors.go:101.9,101.26 1 1
github.com/NhyiraAmofaSekyi/go-webserver/internal/middleware/cors.go:101.26,102.56 1 1
github.com/NhyiraAmofaSekyi/go-webserver/internal/middleware/cors.go:102.56,103.32 1 1
github.com/NhyiraAmofaSekyi/go-webserver/internal/middleware/cors.go:103.32,105.11 2 1
github.com/NhyiraAmofaSekyi/go-webserver/internal/middleware/cors.go:111.3,117.25 3 1
github.com/NhyiraAmofaSekyi/go-webserver/internal/middleware/cors.go:117.25,119.4 1 1
github.com/NhyiraAmofaSekyi/go-webserver/internal/middleware/cors.go:122.3,122.26 1 1
github.com/NhyiraAmofaSekyi/go-webserver/internal/middleware/cors.go:122.26,124.4 1 1
github.com/NhyiraAmofaSekyi/go-webserver/internal/middleware/cors.go:127.3,127.28 1 1
github.com/NhyiraAmofaSekyi/go-webserver/internal/middleware/cors.go:127.28,130.4 2 1
github.com/NhyiraAmofaSekyi/go-webserver/internal/middleware/cors.go:132.3,132.20 1 1
github.com/NhyiraAmofaSekyi/go-webserver/internal/middleware/logging.go:21.53,24.2 2 1
github.com/NhyiraAmofaSekyi/go-webserver/internal/middleware/logging.go:26.46,27.71 1 1
github.com/NhyiraAmofaSekyi/go-webserver/internal/middleware/logging.go:27.71,40.31 7 1
github.com/NhyiraAmofaSekyi/go-webserver/internal/middleware/logging.go:40.31,43.4 2 1
github.com/NhyiraAmofaSekyi/go-webserver/internal/middleware/logging.go:43.9,45.4 1 1
github.com/NhyiraAmofaSekyi/go-webserver/internal/middleware/logging.go:47.3,48.119 2 1
github.com/NhyiraAmofaSekyi/go-webserver/internal/middleware/middleware.go:9.47,10.46 1 1
github.com/NhyiraAmofaSekyi/go-webserver/internal/middleware/middleware.go:10.46,11.37 1 1
github.com/NhyiraAmofaSekyi/go-webserver/internal/middleware/middleware.go:11.37,14.4 2 1
github.com/NhyiraAmofaSekyi/go-webserver/internal/middleware/middleware.go:15.3,15.14 1 1
github.com/NhyiraAmofaSekyi/go-webserver/internal/monitoring/metrics.go:32.13,40.2 1 1
github.com/NhyiraAmofaSekyi/go-webserver/internal/v1/users/handlers.go:22.58,32.16 5 0
github.com/NhyiraAmofaSekyi/go-webserver/internal/v1/users/handlers.go:32.16,35.3 2 0
github.com/NhyiraAmofaSekyi/go-webserver/internal/v1/users/handlers.go:37.2,38.16 2 0
github.com/NhyiraAmofaSekyi/go-webserver/internal/v1/users/handlers.go:38.16,41.3 2 0
github.com/NhyiraAmofaSekyi/go-webserver/internal/v1/users/handlers.go:42.2,42.43 1 0
github.com/NhyiraAmofaSekyi/go-webserver/internal/v1/users/handlers.go:45.62,56.16 5 0
github.com/NhyiraAmofaSekyi/go-webserver/internal/v1/users/handlers.go:56.16,59.3 2 0
github.com/NhyiraAmofaSekyi/go-webserver/internal/v1/users/handlers.go:61.2,62.16 2 0
github.com/NhyiraAmofaSekyi/go-webserver/internal/v1/users/handlers.go:62.16,65.3 2 0
github.com/NhyiraAmofaSekyi/go-webserver/internal/v1/users/handlers.go:66.2,66.48 1 0
github.com/NhyiraAmofaSekyi/go-webserver/internal/v1/users/handlers.go:69.55,79.16 6 0
github.com/NhyiraAmofaSekyi/go-webserver/internal/v1/users/handlers.go:79.16,82.3 2 0
github.com/NhyiraAmofaSekyi/go-webserver/internal/v1/users/handlers.go:85.2,92.46 2 0
github.com/NhyiraAmofaSekyi/go-webserver/internal/v1/users/handlers.go:92.46,94.3 1 0
github.com/NhyiraAmofaSekyi/go-webserver/internal/v1/users/handlers.go:97.54,101.16 2 0
github.com/NhyiraAmofaSekyi/go-webserver/internal/v1/users/handlers.go:101.16,104.3 2 0
github.com/NhyiraAmofaSekyi/go-webserver/internal/v1/users/handlers.go:105.2,105.82 1 0
github.com/NhyiraAmofaSekyi/go-webserver/internal/v1/users/handlers.go:108.53,116.16 5 0
github.com/NhyiraAmofaSekyi/go-webserver/internal/v1/users/handlers.go:116.16,119.3 2 0
github.com/NhyiraAmofaSekyi/go-webserver/internal/v1/users/handlers.go:121.2,125.16 5 0
github.com/NhyiraAmofaSekyi/go-webserver/internal/v1/users/handlers.go:125.16,128.3 2 0
github.com/NhyiraAmofaSekyi/go-webserver/internal/v1/users/handlers.go:130.2,130.46 1 0
github.com/NhyiraAmofaSekyi/go-webserver/internal/v1/users/handlers.go:133.53,138.16 3 0
github.com/NhyiraAmofaSekyi/go-webserver/internal/v1/users/handlers.go:138.16,142.3 3 0
github.com/NhyiraAmofaSekyi/go-webserver/internal/v1/users/handlers.go:144.2,145.16 2 0
github.com/NhyiraAmofaSekyi/go-webserver/internal/v1/users/handlers.go:145.16,149.3 3 0
github.com/NhyiraAmofaSekyi/go-webserver/internal/v1/users/handlers.go:152.2,164.23 9 0
github.com/NhyiraAmofaSekyi/go-webserver/internal/v1/users/handlers.go:164.23,166.3 1 0
github.com/NhyiraAmofaSekyi/go-webserver/internal/v1/users/handlers.go:168.2,171.16 3 0
github.com/NhyiraAmofaSekyi/go-webserver/internal/v1/users/handlers.go:171.16,175.3 3 0
github.com/NhyiraAmofaSekyi/go-webserver/internal/v1/users/handlers.go:177.2,184.51 3 0
github.com/NhyiraAmofaSekyi/go-webserver/internal/v1/users/handlers.go:187.57,196.16 5 0
github.com/NhyiraAmofaSekyi/go-webserver/internal/v1/users/handlers.go:196.16,199.3 2 0
github.com/NhyiraAmofaSekyi/go-webserver/internal/v1/users/handlers.go:201.2,202.16 2 0
github.com/NhyiraAmofaSekyi/go-webserver/internal/v1/users/handlers.go:202.16,205.3 2 0
github.com/NhyiraAmofaSekyi/go-webserver/internal/v1/users/handlers.go:207.2,207.47 1 0
github.com/NhyiraAmofaSekyi/go-webserver/internal/v1/users/routes.go:7.33,19.2 9 0
github.com/NhyiraAmofaSekyi/go-webserver/utils/json.go:14.68,16.16 1 1
github.com/NhyiraAmofaSekyi/go-webserver/utils/json.go:16.16,18.3 1 1
github.com/NhyiraAmofaSekyi/go-webserver/utils/json.go:19.2,25.4 2 1
github.com/NhyiraAmofaSekyi/go-webserver/utils/json.go:28.76,31.16 2 1
github.com/NhyiraAmofaSekyi/go-webserver/utils/json.go:31.16,34.3 2 1
github.com/NhyiraAmofaSekyi/go-webserver/utils/json.go:36.2,38.15 3 1
github.com/NhyiraAmofaSekyi/go-webserver/utils/aws/awsS3/S3.go:17.28,20.16 2 0
github.com/NhyiraAmofaSekyi/go-webserver/utils/aws/awsS3/S3.go:20.16,22.3 1 0
github.com/NhyiraAmofaSekyi/go-webserver/utils/aws/awsS3/S3.go:25.2,32.16 3 0
github.com/NhyiraAmofaSekyi/go-webserver/utils/aws/awsS3/S3.go:32.16,36.3 2 0
github.com/NhyiraAmofaSekyi/go-webserver/utils/aws/awsS3/S3.go:38.2,39.41 2 0
github.com/NhyiraAmofaSekyi/go-webserver/utils/aws/awsS3/S3.go:39.41,41.3 1 0
github.com/NhyiraAmofaSekyi/go-webserver/utils/aws/awsS3/S3.go:42.2,42.12 1 0
github.com/NhyiraAmofaSekyi/go-webserver/utils/aws/awsS3/S3.go:45.73,48.16 2 0
github.com/NhyiraAmofaSekyi/go-webserver/utils/aws/awsS3/S3.go:48.16,50.3 1 0
github.com/NhyiraAmofaSekyi/go-webserver/utils/aws/awsS3/S3.go:52.2,52.16 1 0
github.com/NhyiraAmofaSekyi/go-webserver/utils/aws/awsS3/S3.go:52.16,54.3 1 0
github.com/NhyiraAmofaSekyi/go-webserver/utils/aws/awsS3/S3.go:55.2,55.18 1 0
github.com/NhyiraAmofaSekyi/go-webserver/utils/aws/awsS3/S3.go:55.18,57.3 1 0
github.com/NhyiraAmofaSekyi/go-webserver/utils/aws/awsS3/S3.go:60.2,69.16 3 0
github.com/NhyiraAmofaSekyi/go-webserver/utils/aws/awsS3/S3.go:69.16,72.3 1 0
github.com/NhyiraAmofaSekyi/go-webserver/utils/aws/awsS3/S3.go:75.2,75.18 1 0
github.com/NhyiraAmofaSekyi/go-webserver/utils/aws/awsS3/S3.go:78.97,80.22 1 0
github.com/NhyiraAmofaSekyi/go-webserver/utils/aws/awsS3/S3.go:80.22,82.3 1 0
github.com/NhyiraAmofaSekyi/go-webserver/utils/aws/awsS3/S3.go:83.2,83.21 1 0
github.com/NhyiraAmofaSekyi/go-webserver/utils/aws/awsS3/S3.go:83.21,85.3 1 0
github.com/NhyiraAmofaSekyi/go-webserver/utils/aws/awsS3/S3.go:86.2,86.20 1 0
github.com/NhyiraAmofaSekyi/go-webserver/utils/aws/awsS3/S3.go:86.20,88.3 1 0
github.com/NhyiraAmofaSekyi/go-webserver/utils/aws/awsS3/S3.go:89.2,89.23 1 0
github.com/NhyiraAmofaSekyi/go-webserver/utils/aws/awsS3/S3.go:89.23,91.3 1 0
github.com/NhyiraAmofaSekyi/go-webserver/utils/aws/awsS3/S3.go:93.2,94.16 2 0
github.com/NhyiraAmofaSekyi/go-webserver/utils/aws/awsS3/S3.go:94.16,96.3 1 0
github.com/NhyiraAmofaSekyi/go-webserver/utils/aws/awsS3/S3.go:99.2,102.16 3 0
github.com/NhyiraAmofaSekyi/go-webserver/utils/aws/awsS3/S3.go:102.16,104.3 1 0
github.com/NhyiraAmofaSekyi/go-webserver/utils/aws/awsS3/S3.go:104.8,113.17 4 0
github.com/NhyiraAmofaSekyi/go-webserver/utils/aws/awsS3/S3.go:113.17,116.4 1 0
github.com/NhyiraAmofaSekyi/go-webserver/utils/aws/awsS3/S3.go:118.2,118.12 1 0
github.com/NhyiraAmofaSekyi/go-webserver/utils/aws/awsS3/S3.go:121.97,123.22 1 0
github.com/NhyiraAmofaSekyi/go-webserver/utils/aws/awsS3/S3.go:123.22,125.3 1 0
github.com/NhyiraAmofaSekyi/go-webserver/utils/aws/awsS3/S3.go:126.2,126.21 1 0
github.com/NhyiraAmofaSekyi/go-webserver/utils/aws/awsS3/S3.go:126.21,128.3 1 0
github.com/NhyiraAmofaSekyi/go-webserver/utils/aws/awsS3/S3.go:129.2,129.23 1 0
github.com/NhyiraAmofaSekyi/go-webserver/utils/aws/awsS3/S3.go:129.23,131.3 1 0
github.com/NhyiraAmofaSekyi/go-webserver/utils/aws/awsS3/S3.go:132.2,133.16 2 0
github.com/NhyiraAmofaSekyi/go-webserver/utils/aws/awsS3/S3.go:133.16,135.3 1 0
github.com/NhyiraAmofaSekyi/go-webserver/utils/aws/awsS3/S3.go:137.2,138.16 2 0
github.com/NhyiraAmofaSekyi/go-webserver/utils/aws/awsS3/S3.go:138.16,140.3 1 0
github.com/NhyiraAmofaSekyi/go-webserver/utils/aws/awsS3/S3.go:143.2,151.16 3 0
github.com/NhyiraAmofaSekyi/go-webserver/utils/aws/awsS3/S3.go:151.16,154.3 1 0
github.com/NhyiraAmofaSekyi/go-webserver/utils/aws/awsS3/S3.go:155.2,155.12 1 0
github.com/NhyiraAmofaSekyi/go-webserver/utils/email/email.go:12.64,31.16 7 0
github.com/NhyiraAmofaSekyi/go-webserver/utils/email/email.go:31.16,33.3 1 0
github.com/NhyiraAmofaSekyi/go-webserver/utils/email/email.go:35.2,36.12 2 0
github.com/NhyiraAmofaSekyi/go-webserver/utils/email/email.go:38.64,47.16 7 0
github.com/NhyiraAmofaSekyi/go-webserver/utils/email/email.go:47.16,49.3 1 0
github.com/NhyiraAmofaSekyi/go-webserver/utils/email/email.go:51.2,51.76 1 0
github.com/NhyiraAmofaSekyi/go-webserver/utils/email/email.go:51.76,53.3 1 0
github.com/NhyiraAmofaSekyi/go-webserver/utils/email/email.go:55.2,71.16 5 0
github.com/NhyiraAmofaSekyi/go-webserver/utils/email/email.go:71.16,73.3 1 0
github.com/NhyiraAmofaSekyi/go-webserver/utils/email/email.go:75.2,76.12 2 0
